-------------------------------------------------------------------------------
Test set: com.example.my_book_manager_system.MyBookManagerSystemApplicationTests
-------------------------------------------------------------------------------
Tests run: 1, Failures: 0, Errors: 1, Skipped: 0, Time elapsed: 3.425 s <<< FAILURE! - in com.example.my_book_manager_system.MyBookManagerSystemApplicationTests
contextLoads  Time elapsed: 0.001 s  <<< ERROR!
java.lang.IllegalStateException: Failed to load ApplicationContext
Caused by: org.springframework.beans.factory.UnsatisfiedDependencyException: Error creating bean with name 'userController': Unsatisfied dependency expressed through field 'userMapper'; nested exception is org.springframework.beans.factory.BeanCreationException: Error creating bean with name 'userMapper' defined in file [E:\book_manager\mybook\my_book_manager_system\target\classes\com\example\my_book_manager_system\mapper\UserMapper.class]: Cannot resolve reference to bean 'sqlSessionTemplate' while setting bean property 'sqlSessionTemplate'; nested exception is org.springframework.beans.factory.BeanCreationException: Error creating bean with name 'com.baomidou.mybatisplus.autoconfigure.MybatisPlusAutoConfiguration': Bean instantiation via constructor failed; nested exception is org.springframework.beans.BeanInstantiationException: Failed to instantiate [com.baomidou.mybatisplus.autoconfigure.MybatisPlusAutoConfiguration]: Constructor threw exception; nested exception is org.springframework.beans.factory.BeanCreationException: Error creating bean with name 'mybatisPlusInterceptor' defined in class path resource [com/example/my_book_manager_system/MyBatisConfig.class]: Bean instantiation via factory method failed; nested exception is org.springframework.beans.BeanInstantiationException: Failed to instantiate [com.baomidou.mybatisplus.extension.plugins.MybatisPlusInterceptor]: Factory method 'mybatisPlusInterceptor' threw exception; nested exception is java.lang.NoClassDefFoundError: net/sf/jsqlparser/statement/select/SelectExpressionItem
Caused by: org.springframework.beans.factory.BeanCreationException: Error creating bean with name 'userMapper' defined in file [E:\book_manager\mybook\my_book_manager_system\target\classes\com\example\my_book_manager_system\mapper\UserMapper.class]: Cannot resolve reference to bean 'sqlSessionTemplate' while setting bean property 'sqlSessionTemplate'; nested exception is org.springframework.beans.factory.BeanCreationException: Error creating bean with name 'com.baomidou.mybatisplus.autoconfigure.MybatisPlusAutoConfiguration': Bean instantiation via constructor failed; nested exception is org.springframework.beans.BeanInstantiationException: Failed to instantiate [com.baomidou.mybatisplus.autoconfigure.MybatisPlusAutoConfiguration]: Constructor threw exception; nested exception is org.springframework.beans.factory.BeanCreationException: Error creating bean with name 'mybatisPlusInterceptor' defined in class path resource [com/example/my_book_manager_system/MyBatisConfig.class]: Bean instantiation via factory method failed; nested exception is org.springframework.beans.BeanInstantiationException: Failed to instantiate [com.baomidou.mybatisplus.extension.plugins.MybatisPlusInterceptor]: Factory method 'mybatisPlusInterceptor' threw exception; nested exception is java.lang.NoClassDefFoundError: net/sf/jsqlparser/statement/select/SelectExpressionItem
Caused by: org.springframework.beans.factory.BeanCreationException: Error creating bean with name 'com.baomidou.mybatisplus.autoconfigure.MybatisPlusAutoConfiguration': Bean instantiation via constructor failed; nested exception is org.springframework.beans.BeanInstantiationException: Failed to instantiate [com.baomidou.mybatisplus.autoconfigure.MybatisPlusAutoConfiguration]: Constructor threw exception; nested exception is org.springframework.beans.factory.BeanCreationException: Error creating bean with name 'mybatisPlusInterceptor' defined in class path resource [com/example/my_book_manager_system/MyBatisConfig.class]: Bean instantiation via factory method failed; nested exception is org.springframework.beans.BeanInstantiationException: Failed to instantiate [com.baomidou.mybatisplus.extension.plugins.MybatisPlusInterceptor]: Factory method 'mybatisPlusInterceptor' threw exception; nested exception is java.lang.NoClassDefFoundError: net/sf/jsqlparser/statement/select/SelectExpressionItem
Caused by: org.springframework.beans.BeanInstantiationException: Failed to instantiate [com.baomidou.mybatisplus.autoconfigure.MybatisPlusAutoConfiguration]: Constructor threw exception; nested exception is org.springframework.beans.factory.BeanCreationException: Error creating bean with name 'mybatisPlusInterceptor' defined in class path resource [com/example/my_book_manager_system/MyBatisConfig.class]: Bean instantiation via factory method failed; nested exception is org.springframework.beans.BeanInstantiationException: Failed to instantiate [com.baomidou.mybatisplus.extension.plugins.MybatisPlusInterceptor]: Factory method 'mybatisPlusInterceptor' threw exception; nested exception is java.lang.NoClassDefFoundError: net/sf/jsqlparser/statement/select/SelectExpressionItem
Caused by: org.springframework.beans.factory.BeanCreationException: Error creating bean with name 'mybatisPlusInterceptor' defined in class path resource [com/example/my_book_manager_system/MyBatisConfig.class]: Bean instantiation via factory method failed; nested exception is org.springframework.beans.BeanInstantiationException: Failed to instantiate [com.baomidou.mybatisplus.extension.plugins.MybatisPlusInterceptor]: Factory method 'mybatisPlusInterceptor' threw exception; nested exception is java.lang.NoClassDefFoundError: net/sf/jsqlparser/statement/select/SelectExpressionItem
Caused by: org.springframework.beans.BeanInstantiationException: Failed to instantiate [com.baomidou.mybatisplus.extension.plugins.MybatisPlusInterceptor]: Factory method 'mybatisPlusInterceptor' threw exception; nested exception is java.lang.NoClassDefFoundError: net/sf/jsqlparser/statement/select/SelectExpressionItem
Caused by: java.lang.NoClassDefFoundError: net/sf/jsqlparser/statement/select/SelectExpressionItem
Caused by: java.lang.ClassNotFoundException: net.sf.jsqlparser.statement.select.SelectExpressionItem

